2024-04-24 09:46:11,514 - ERROR - No JavaScript files found in /home/wwy/SerMalDetector/createDatasets/MalinBenPac/longBenSrc/esbuild-linux-arm64-0.15.18.
2024-04-24 09:46:11,519 - ERROR - No JavaScript files found in /home/wwy/SerMalDetector/createDatasets/MalinBenPac/longBenSrc/esbuild-linux-arm64-0.15.18.
2024-04-24 09:46:11,524 - ERROR - No JavaScript files found in /home/wwy/SerMalDetector/createDatasets/MalinBenPac/longBenSrc/esbuild-linux-arm64-0.15.18.
2024-04-24 09:46:14,103 - ERROR - No JavaScript files found in /home/wwy/SerMalDetector/createDatasets/MalinBenPac/longBenSrc/esbuild-freebsd-64-0.15.18.
2024-04-24 09:46:14,110 - ERROR - No JavaScript files found in /home/wwy/SerMalDetector/createDatasets/MalinBenPac/longBenSrc/esbuild-freebsd-64-0.15.18.
2024-04-24 09:46:14,115 - ERROR - No JavaScript files found in /home/wwy/SerMalDetector/createDatasets/MalinBenPac/longBenSrc/esbuild-freebsd-64-0.15.18.
2024-04-24 09:46:16,550 - ERROR - No JavaScript files found in /home/wwy/SerMalDetector/createDatasets/MalinBenPac/longBenSrc/caniuse-db-1.0.30001538.
2024-04-24 09:46:16,605 - ERROR - No JavaScript files found in /home/wwy/SerMalDetector/createDatasets/MalinBenPac/longBenSrc/caniuse-db-1.0.30001538.
2024-04-24 09:46:16,674 - ERROR - No JavaScript files found in /home/wwy/SerMalDetector/createDatasets/MalinBenPac/longBenSrc/caniuse-db-1.0.30001538.
2024-04-24 09:46:30,663 - ERROR - No JavaScript files found in /home/wwy/SerMalDetector/createDatasets/MalinBenPac/longBenSrc/esbuild-freebsd-arm64-0.15.18.
2024-04-24 09:46:30,670 - ERROR - No JavaScript files found in /home/wwy/SerMalDetector/createDatasets/MalinBenPac/longBenSrc/esbuild-freebsd-arm64-0.15.18.
2024-04-24 09:46:30,679 - ERROR - No JavaScript files found in /home/wwy/SerMalDetector/createDatasets/MalinBenPac/longBenSrc/esbuild-freebsd-arm64-0.15.18.
2024-04-24 09:46:30,727 - ERROR - No JavaScript files found in /home/wwy/SerMalDetector/createDatasets/MalinBenPac/longBenSrc/esbuild-darwin-64-0.15.18.
2024-04-24 09:46:30,735 - ERROR - No JavaScript files found in /home/wwy/SerMalDetector/createDatasets/MalinBenPac/longBenSrc/esbuild-darwin-64-0.15.18.
2024-04-24 09:46:30,742 - ERROR - No JavaScript files found in /home/wwy/SerMalDetector/createDatasets/MalinBenPac/longBenSrc/esbuild-darwin-64-0.15.18.
2024-04-24 09:46:43,362 - ERROR - No JavaScript files found in /home/wwy/SerMalDetector/createDatasets/MalinBenPac/longBenSrc/esbuild-linux-32-0.15.18.
2024-04-24 09:46:43,373 - ERROR - No JavaScript files found in /home/wwy/SerMalDetector/createDatasets/MalinBenPac/longBenSrc/esbuild-linux-32-0.15.18.
2024-04-24 09:46:43,381 - ERROR - No JavaScript files found in /home/wwy/SerMalDetector/createDatasets/MalinBenPac/longBenSrc/esbuild-linux-32-0.15.18.
2024-04-24 09:46:44,414 - ERROR - No JavaScript files found in /home/wwy/SerMalDetector/createDatasets/MalinBenPac/longBenSrc/roboto-fontface-0.10.0.
2024-04-24 09:46:44,425 - ERROR - No JavaScript files found in /home/wwy/SerMalDetector/createDatasets/MalinBenPac/longBenSrc/roboto-fontface-0.10.0.
2024-04-24 09:46:44,435 - ERROR - No JavaScript files found in /home/wwy/SerMalDetector/createDatasets/MalinBenPac/longBenSrc/roboto-fontface-0.10.0.
2024-04-24 09:46:50,974 - ERROR - No JavaScript files found in /home/wwy/SerMalDetector/createDatasets/MalinBenPac/longBenSrc/esbuild-linux-arm-0.15.18.
2024-04-24 09:46:50,981 - ERROR - No JavaScript files found in /home/wwy/SerMalDetector/createDatasets/MalinBenPac/longBenSrc/esbuild-linux-arm-0.15.18.
2024-04-24 09:46:50,987 - ERROR - No JavaScript files found in /home/wwy/SerMalDetector/createDatasets/MalinBenPac/longBenSrc/esbuild-linux-arm-0.15.18.
2024-04-24 09:46:51,238 - ERROR - No JavaScript files found in /home/wwy/SerMalDetector/createDatasets/MalinBenPac/longBenSrc/esbuild-linux-s390x-0.15.18.
2024-04-24 09:46:51,245 - ERROR - No JavaScript files found in /home/wwy/SerMalDetector/createDatasets/MalinBenPac/longBenSrc/esbuild-linux-s390x-0.15.18.
2024-04-24 09:46:51,251 - ERROR - No JavaScript files found in /home/wwy/SerMalDetector/createDatasets/MalinBenPac/longBenSrc/esbuild-linux-s390x-0.15.18.
2024-04-24 09:46:51,398 - ERROR - No JavaScript files found in /home/wwy/SerMalDetector/createDatasets/MalinBenPac/longBenSrc/esbuild-windows-32-0.15.18.
2024-04-24 09:46:51,412 - ERROR - No JavaScript files found in /home/wwy/SerMalDetector/createDatasets/MalinBenPac/longBenSrc/esbuild-windows-32-0.15.18.
2024-04-24 09:46:51,421 - ERROR - No JavaScript files found in /home/wwy/SerMalDetector/createDatasets/MalinBenPac/longBenSrc/esbuild-windows-32-0.15.18.
2024-04-24 09:46:52,964 - ERROR - No JavaScript files found in /home/wwy/SerMalDetector/createDatasets/MalinBenPac/longBenSrc/@next#swc-linux-x64-gnu-13.5.2.
2024-04-24 09:46:53,054 - ERROR - No JavaScript files found in /home/wwy/SerMalDetector/createDatasets/MalinBenPac/longBenSrc/@next#swc-linux-x64-gnu-13.5.2.
2024-04-24 09:46:53,135 - ERROR - No JavaScript files found in /home/wwy/SerMalDetector/createDatasets/MalinBenPac/longBenSrc/@next#swc-linux-x64-gnu-13.5.2.
2024-04-24 09:47:14,290 - ERROR - No JavaScript files found in /home/wwy/SerMalDetector/createDatasets/MalinBenPac/longBenSrc/primeng-16.3.1.
2024-04-24 09:47:14,487 - ERROR - No JavaScript files found in /home/wwy/SerMalDetector/createDatasets/MalinBenPac/longBenSrc/primeng-16.3.1.
2024-04-24 09:47:14,667 - ERROR - No JavaScript files found in /home/wwy/SerMalDetector/createDatasets/MalinBenPac/longBenSrc/primeng-16.3.1.
2024-04-24 09:47:24,172 - ERROR - No JavaScript files found in /home/wwy/SerMalDetector/createDatasets/MalinBenPac/longBenSrc/@swimlane#ngx-charts-20.4.1.
2024-04-24 09:47:24,202 - ERROR - No JavaScript files found in /home/wwy/SerMalDetector/createDatasets/MalinBenPac/longBenSrc/@swimlane#ngx-charts-20.4.1.
2024-04-24 09:47:24,224 - ERROR - No JavaScript files found in /home/wwy/SerMalDetector/createDatasets/MalinBenPac/longBenSrc/@swimlane#ngx-charts-20.4.1.
2024-04-24 09:47:45,035 - ERROR - No JavaScript files found in /home/wwy/SerMalDetector/createDatasets/MalinBenPac/longBenSrc/@angular#compiler-16.2.6.
2024-04-24 09:47:45,052 - ERROR - No JavaScript files found in /home/wwy/SerMalDetector/createDatasets/MalinBenPac/longBenSrc/@angular#compiler-16.2.6.
2024-04-24 09:47:45,068 - ERROR - No JavaScript files found in /home/wwy/SerMalDetector/createDatasets/MalinBenPac/longBenSrc/@angular#compiler-16.2.6.
2024-04-24 09:47:45,095 - ERROR - No JavaScript files found in /home/wwy/SerMalDetector/createDatasets/MalinBenPac/longBenSrc/esbuild-openbsd-64-0.15.18.
2024-04-24 09:47:45,103 - ERROR - No JavaScript files found in /home/wwy/SerMalDetector/createDatasets/MalinBenPac/longBenSrc/esbuild-openbsd-64-0.15.18.
2024-04-24 09:47:45,108 - ERROR - No JavaScript files found in /home/wwy/SerMalDetector/createDatasets/MalinBenPac/longBenSrc/esbuild-openbsd-64-0.15.18.
2024-04-24 09:47:49,481 - ERROR - No JavaScript files found in /home/wwy/SerMalDetector/createDatasets/MalinBenPac/longBenSrc/esbuild-android-arm64-0.15.18.
2024-04-24 09:47:49,493 - ERROR - No JavaScript files found in /home/wwy/SerMalDetector/createDatasets/MalinBenPac/longBenSrc/esbuild-android-arm64-0.15.18.
2024-04-24 09:47:49,501 - ERROR - No JavaScript files found in /home/wwy/SerMalDetector/createDatasets/MalinBenPac/longBenSrc/esbuild-android-arm64-0.15.18.
2024-04-24 09:48:00,208 - ERROR - No JavaScript files found in /home/wwy/SerMalDetector/createDatasets/MalinBenPac/longBenSrc/esbuild-linux-riscv64-0.15.18.
2024-04-24 09:48:00,214 - ERROR - No JavaScript files found in /home/wwy/SerMalDetector/createDatasets/MalinBenPac/longBenSrc/esbuild-linux-riscv64-0.15.18.
2024-04-24 09:48:00,220 - ERROR - No JavaScript files found in /home/wwy/SerMalDetector/createDatasets/MalinBenPac/longBenSrc/esbuild-linux-riscv64-0.15.18.
2024-04-24 09:48:06,147 - ERROR - No JavaScript files found in /home/wwy/SerMalDetector/createDatasets/MalinBenPac/longBenSrc/esbuild-linux-ppc64le-0.15.18.
2024-04-24 09:48:06,153 - ERROR - No JavaScript files found in /home/wwy/SerMalDetector/createDatasets/MalinBenPac/longBenSrc/esbuild-linux-ppc64le-0.15.18.
2024-04-24 09:48:06,160 - ERROR - No JavaScript files found in /home/wwy/SerMalDetector/createDatasets/MalinBenPac/longBenSrc/esbuild-linux-ppc64le-0.15.18.
2024-04-24 09:48:11,627 - ERROR - No JavaScript files found in /home/wwy/SerMalDetector/createDatasets/MalinBenPac/longBenSrc/@next#swc-linux-x64-musl-13.5.2.
2024-04-24 09:48:11,743 - ERROR - No JavaScript files found in /home/wwy/SerMalDetector/createDatasets/MalinBenPac/longBenSrc/@next#swc-linux-x64-musl-13.5.2.
2024-04-24 09:48:11,843 - ERROR - No JavaScript files found in /home/wwy/SerMalDetector/createDatasets/MalinBenPac/longBenSrc/@next#swc-linux-x64-musl-13.5.2.
